<?xml version="1.0" encoding="UTF-8"?>
<!-- Generated by org.testng.reporters.JUnitReportReporter -->
<testsuite hostname="LAPTOP-V52KHLDN" failures="0" tests="4" name="tests.LoginTest" time="52.445" errors="0" timestamp="2025-01-22T12:12:21 IST" skipped="0">
  <testcase classname="tests.LoginTest" name="loginwithValidCreds" time="9.793"/>
  <testcase classname="tests.LoginTest" name="loginwithValidCreds" time="12.575"/>
  <testcase classname="tests.LoginTest" name="loginwithInvalidCreds" time="11.268"/>
  <testcase classname="tests.LoginTest" name="loginwithInvalidCreds" time="18.809"/>
</testsuite> <!-- tests.LoginTest -->
