<?xml version="1.0" encoding="UTF-8"?>
<!-- Generated by org.testng.reporters.JUnitReportReporter -->
<testsuite hostname="LAPTOP-V52KHLDN" failures="0" tests="4" name="tests.LoginTest" time="44.197" errors="0" timestamp="2025-01-23T16:31:17 IST" skipped="0">
  <testcase classname="tests.LoginTest" name="loginwithValidCreds" time="10.713"/>
  <testcase classname="tests.LoginTest" name="loginwithValidCreds" time="7.844"/>
  <testcase classname="tests.LoginTest" name="loginwithInvalidCreds" time="16.986"/>
  <testcase classname="tests.LoginTest" name="loginwithInvalidCreds" time="8.654"/>
</testsuite> <!-- tests.LoginTest -->
